2024-07-22 11:56:21,250 - INFO - Training configurations:
2024-07-22 11:56:21,250 - INFO - WORKDIR: ./
2024-07-22 11:56:21,250 - INFO - DEVICE: cuda:0
2024-07-22 11:56:21,250 - INFO - MULTI_GPU: True
2024-07-22 11:56:21,250 - INFO - DATA: noise_to_cifar10
2024-07-22 11:56:21,250 - INFO - DATA_TARGET: cifar10
2024-07-22 11:56:21,250 - INFO - DATA_SOURCE: noise
2024-07-22 11:56:21,250 - INFO - DIM_INPUT: 3072
2024-07-22 11:56:21,250 - INFO - INPUT_SHAPE: (3, 32, 32)
2024-07-22 11:56:21,250 - INFO - MODEL: Unet32x32
2024-07-22 11:56:21,250 - INFO - NUM_CHANNELS: 64
2024-07-22 11:56:21,251 - INFO - CHANNEL_MULT: [1, 2, 2, 2]
2024-07-22 11:56:21,251 - INFO - NUM_RES_BLOCKS: 2
2024-07-22 11:56:21,251 - INFO - NUM_HEADS: 4
2024-07-22 11:56:21,251 - INFO - DIM_HIDDEN: 64
2024-07-22 11:56:21,251 - INFO - ATTENTION_RESOLUTIONS: 16
2024-07-22 11:56:21,251 - INFO - DROPOUT: 0.1
2024-07-22 11:56:21,251 - INFO - BATCH_SIZE: 128
2024-07-22 11:56:21,251 - INFO - DATA_SPLIT_FRACS: [1.0, 0.0, 0.0]
2024-07-22 11:56:21,251 - INFO - EPOCHS: 5
2024-07-22 11:56:21,251 - INFO - EARLY_STOPPING: None
2024-07-22 11:56:21,251 - INFO - MIN_EPOCHS: None
2024-07-22 11:56:21,251 - INFO - PRINT_EPOCHS: None
2024-07-22 11:56:21,251 - INFO - FIX_SEED: None
2024-07-22 11:56:21,251 - INFO - NUM_WORKERS: 0
2024-07-22 11:56:21,251 - INFO - PIN_MEMORY: False
2024-07-22 11:56:21,251 - INFO - DYNAMICS: CondFlowMatch
2024-07-22 11:56:21,251 - INFO - SIGMA: 0.001
2024-07-22 11:56:21,251 - INFO - AUGMENTED: False
2024-07-22 11:56:21,251 - INFO - T0: 0.0
2024-07-22 11:56:21,251 - INFO - T1: 1.0
2024-07-22 11:56:21,252 - INFO - OPTIMIZER: Adam
2024-07-22 11:56:21,252 - INFO - LR: 0.0001
2024-07-22 11:56:21,252 - INFO - WEIGHT_DECAY: 0.0
2024-07-22 11:56:21,252 - INFO - OPTIMIZER_BETAS: [0.9, 0.999]
2024-07-22 11:56:21,252 - INFO - OPTIMIZER_EPS: 1e-08
2024-07-22 11:56:21,252 - INFO - OPTIMIZER_AMSGRAD: False
2024-07-22 11:56:21,252 - INFO - GRADIENT_CLIP: None
2024-07-22 11:56:21,252 - INFO - SCHEDULER: None
2024-07-22 11:56:21,252 - INFO - SCHEDULER_T_MAX: None
2024-07-22 11:56:21,252 - INFO - SCHEDULER_ETA_MIN: None
2024-07-22 11:56:21,252 - INFO - SCHEDULER_GAMMA: None
2024-07-22 11:56:21,252 - INFO - SCHEDULER_STEP_SIZE: None
2024-07-22 11:56:21,252 - INFO - SAMPLER: NeuralODE
2024-07-22 11:56:21,252 - INFO - SOLVER: euler
2024-07-22 11:56:21,252 - INFO - NUM_SAMPLING_STEPS: 100
2024-07-22 11:56:21,252 - INFO - SENSITIVITY: adjoint
2024-07-22 11:56:21,252 - INFO - ATOL: None
2024-07-22 11:56:21,252 - INFO - RTOL: None
2024-07-22 11:56:21,252 - INFO - NUM_GEN_SAMPLES: 10
2024-07-22 11:56:21,255 - INFO - number of training parameters: 8952067
2024-07-22 11:56:21,256 - INFO - start training...
2024-07-22 11:57:39,231 - INFO - 	Epoch: 0, train loss: 0.394360132115272, valid loss: 0  (min valid loss: inf)
2024-07-22 11:58:48,804 - INFO - 	Epoch: 1, train loss: 0.12060322372428604, valid loss: 0  (min valid loss: inf)
2024-07-22 11:59:58,506 - INFO - 	Epoch: 2, train loss: 0.1119021587359631, valid loss: 0  (min valid loss: inf)
2024-07-22 12:01:08,951 - INFO - 	Epoch: 3, train loss: 0.10974906779387425, valid loss: 0  (min valid loss: inf)
2024-07-22 12:02:19,367 - INFO - 	Epoch: 4, train loss: 0.10670229659208556, valid loss: 0  (min valid loss: inf)
2024-07-22 13:09:28,948 - INFO - Training configurations:
2024-07-22 13:09:28,948 - INFO - WORKDIR: ./
2024-07-22 13:09:28,948 - INFO - DEVICE: cuda:0
2024-07-22 13:09:28,948 - INFO - MULTI_GPU: True
2024-07-22 13:09:28,948 - INFO - DATA: noise_to_cifar10
2024-07-22 13:09:28,948 - INFO - DATA_TARGET: cifar10
2024-07-22 13:09:28,948 - INFO - DATA_SOURCE: noise
2024-07-22 13:09:28,948 - INFO - DIM_INPUT: 3072
2024-07-22 13:09:28,948 - INFO - INPUT_SHAPE: (3, 32, 32)
2024-07-22 13:09:28,948 - INFO - MODEL: Unet32x32
2024-07-22 13:09:28,948 - INFO - NUM_CHANNELS: 64
2024-07-22 13:09:28,948 - INFO - CHANNEL_MULT: [1, 2, 2, 2]
2024-07-22 13:09:28,948 - INFO - NUM_RES_BLOCKS: 2
2024-07-22 13:09:28,948 - INFO - NUM_HEADS: 4
2024-07-22 13:09:28,948 - INFO - DIM_HIDDEN: 64
2024-07-22 13:09:28,948 - INFO - ATTENTION_RESOLUTIONS: 16
2024-07-22 13:09:28,948 - INFO - DROPOUT: 0.1
2024-07-22 13:09:28,948 - INFO - BATCH_SIZE: 128
2024-07-22 13:09:28,948 - INFO - DATA_SPLIT_FRACS: [1.0, 0.0, 0.0]
2024-07-22 13:09:28,948 - INFO - EPOCHS: 5
2024-07-22 13:09:28,948 - INFO - EARLY_STOPPING: None
2024-07-22 13:09:28,948 - INFO - MIN_EPOCHS: None
2024-07-22 13:09:28,948 - INFO - PRINT_EPOCHS: None
2024-07-22 13:09:28,948 - INFO - FIX_SEED: None
2024-07-22 13:09:28,948 - INFO - NUM_WORKERS: 0
2024-07-22 13:09:28,948 - INFO - PIN_MEMORY: False
2024-07-22 13:09:28,948 - INFO - DYNAMICS: CondFlowMatch
2024-07-22 13:09:28,948 - INFO - SIGMA: 0.001
2024-07-22 13:09:28,948 - INFO - AUGMENTED: False
2024-07-22 13:09:28,948 - INFO - T0: 0.0
2024-07-22 13:09:28,948 - INFO - T1: 1.0
2024-07-22 13:09:28,948 - INFO - OPTIMIZER: Adam
2024-07-22 13:09:28,948 - INFO - LR: 0.0001
2024-07-22 13:09:28,948 - INFO - WEIGHT_DECAY: 0.0
2024-07-22 13:09:28,948 - INFO - OPTIMIZER_BETAS: [0.9, 0.999]
2024-07-22 13:09:28,948 - INFO - OPTIMIZER_EPS: 1e-08
2024-07-22 13:09:28,948 - INFO - OPTIMIZER_AMSGRAD: False
2024-07-22 13:09:28,948 - INFO - GRADIENT_CLIP: None
2024-07-22 13:09:28,948 - INFO - SCHEDULER: None
2024-07-22 13:09:28,948 - INFO - SCHEDULER_T_MAX: None
2024-07-22 13:09:28,948 - INFO - SCHEDULER_ETA_MIN: None
2024-07-22 13:09:28,948 - INFO - SCHEDULER_GAMMA: None
2024-07-22 13:09:28,949 - INFO - SCHEDULER_STEP_SIZE: None
2024-07-22 13:09:28,949 - INFO - SAMPLER: NeuralODE
2024-07-22 13:09:28,949 - INFO - SOLVER: euler
2024-07-22 13:09:28,949 - INFO - NUM_SAMPLING_STEPS: 100
2024-07-22 13:09:28,949 - INFO - SENSITIVITY: adjoint
2024-07-22 13:09:28,949 - INFO - ATOL: None
2024-07-22 13:09:28,949 - INFO - RTOL: None
2024-07-22 13:09:28,949 - INFO - NUM_GEN_SAMPLES: 10
2024-07-22 13:09:28,950 - INFO - number of training parameters: 8952067
2024-07-22 13:09:28,950 - INFO - start training...
2024-07-22 13:10:28,969 - INFO - Training configurations:
2024-07-22 13:10:28,969 - INFO - WORKDIR: ./
2024-07-22 13:10:28,969 - INFO - DEVICE: cuda:0
2024-07-22 13:10:28,969 - INFO - MULTI_GPU: True
2024-07-22 13:10:28,969 - INFO - DATA: noise_to_cifar10
2024-07-22 13:10:28,969 - INFO - DATA_TARGET: cifar10
2024-07-22 13:10:28,969 - INFO - DATA_SOURCE: noise
2024-07-22 13:10:28,969 - INFO - DIM_INPUT: 3072
2024-07-22 13:10:28,969 - INFO - INPUT_SHAPE: (3, 32, 32)
2024-07-22 13:10:28,969 - INFO - MODEL: Unet32x32
2024-07-22 13:10:28,969 - INFO - NUM_CHANNELS: 64
2024-07-22 13:10:28,969 - INFO - CHANNEL_MULT: [1, 2, 2, 2]
2024-07-22 13:10:28,969 - INFO - NUM_RES_BLOCKS: 2
2024-07-22 13:10:28,969 - INFO - NUM_HEADS: 4
2024-07-22 13:10:28,969 - INFO - DIM_HIDDEN: 64
2024-07-22 13:10:28,969 - INFO - ATTENTION_RESOLUTIONS: 16
2024-07-22 13:10:28,969 - INFO - DROPOUT: 0.1
2024-07-22 13:10:28,969 - INFO - BATCH_SIZE: 128
2024-07-22 13:10:28,969 - INFO - DATA_SPLIT_FRACS: [1.0, 0.0, 0.0]
2024-07-22 13:10:28,969 - INFO - EPOCHS: 5
2024-07-22 13:10:28,969 - INFO - EARLY_STOPPING: None
2024-07-22 13:10:28,969 - INFO - MIN_EPOCHS: None
2024-07-22 13:10:28,969 - INFO - PRINT_EPOCHS: None
2024-07-22 13:10:28,969 - INFO - FIX_SEED: None
2024-07-22 13:10:28,969 - INFO - NUM_WORKERS: 0
2024-07-22 13:10:28,969 - INFO - PIN_MEMORY: False
2024-07-22 13:10:28,969 - INFO - DYNAMICS: CondFlowMatch
2024-07-22 13:10:28,969 - INFO - SIGMA: 0.001
2024-07-22 13:10:28,969 - INFO - AUGMENTED: False
2024-07-22 13:10:28,969 - INFO - T0: 0.0
2024-07-22 13:10:28,969 - INFO - T1: 1.0
2024-07-22 13:10:28,969 - INFO - OPTIMIZER: Adam
2024-07-22 13:10:28,969 - INFO - LR: 0.0001
2024-07-22 13:10:28,969 - INFO - WEIGHT_DECAY: 0.0
2024-07-22 13:10:28,969 - INFO - OPTIMIZER_BETAS: [0.9, 0.999]
2024-07-22 13:10:28,969 - INFO - OPTIMIZER_EPS: 1e-08
2024-07-22 13:10:28,969 - INFO - OPTIMIZER_AMSGRAD: False
2024-07-22 13:10:28,969 - INFO - GRADIENT_CLIP: None
2024-07-22 13:10:28,969 - INFO - SCHEDULER: None
2024-07-22 13:10:28,969 - INFO - SCHEDULER_T_MAX: None
2024-07-22 13:10:28,969 - INFO - SCHEDULER_ETA_MIN: None
2024-07-22 13:10:28,969 - INFO - SCHEDULER_GAMMA: None
2024-07-22 13:10:28,969 - INFO - SCHEDULER_STEP_SIZE: None
2024-07-22 13:10:28,969 - INFO - SAMPLER: NeuralODE
2024-07-22 13:10:28,970 - INFO - SOLVER: euler
2024-07-22 13:10:28,970 - INFO - NUM_SAMPLING_STEPS: 100
2024-07-22 13:10:28,970 - INFO - SENSITIVITY: adjoint
2024-07-22 13:10:28,970 - INFO - ATOL: None
2024-07-22 13:10:28,970 - INFO - RTOL: None
2024-07-22 13:10:28,970 - INFO - NUM_GEN_SAMPLES: 10
2024-07-22 13:10:28,971 - INFO - number of training parameters: 8952067
2024-07-22 13:10:28,971 - INFO - start training...
2024-07-22 13:11:43,497 - INFO - 	Epoch: 0, train loss: 0.394687391264969, valid loss: 0  (min valid loss: inf)
2024-07-22 13:12:52,615 - INFO - 	Epoch: 1, train loss: 0.12203334790209068, valid loss: 0  (min valid loss: inf)
2024-07-22 13:14:02,058 - INFO - 	Epoch: 2, train loss: 0.11143954277343458, valid loss: 0  (min valid loss: inf)
2024-07-22 13:15:11,839 - INFO - 	Epoch: 3, train loss: 0.10918710336965662, valid loss: 0  (min valid loss: inf)
2024-07-22 13:16:21,616 - INFO - 	Epoch: 4, train loss: 0.10696793078918888, valid loss: 0  (min valid loss: inf)
2024-07-22 14:47:33,406 - INFO - Training configurations:
2024-07-22 14:47:33,406 - INFO - WORKDIR: ./
2024-07-22 14:47:33,406 - INFO - DEVICE: cuda:0
2024-07-22 14:47:33,406 - INFO - MULTI_GPU: True
2024-07-22 14:47:33,406 - INFO - DATA: noise_to_cifar10
2024-07-22 14:47:33,406 - INFO - DATA_TARGET: cifar10
2024-07-22 14:47:33,406 - INFO - DATA_SOURCE: noise
2024-07-22 14:47:33,406 - INFO - DIM_INPUT: 3072
2024-07-22 14:47:33,406 - INFO - INPUT_SHAPE: (3, 32, 32)
2024-07-22 14:47:33,406 - INFO - MODEL: Unet32x32
2024-07-22 14:47:33,406 - INFO - NUM_CHANNELS: 64
2024-07-22 14:47:33,406 - INFO - CHANNEL_MULT: [1, 2, 2, 2]
2024-07-22 14:47:33,406 - INFO - NUM_RES_BLOCKS: 2
2024-07-22 14:47:33,406 - INFO - NUM_HEADS: 4
2024-07-22 14:47:33,406 - INFO - DIM_HIDDEN: 64
2024-07-22 14:47:33,406 - INFO - ATTENTION_RESOLUTIONS: 16
2024-07-22 14:47:33,406 - INFO - DROPOUT: 0.1
2024-07-22 14:47:33,406 - INFO - BATCH_SIZE: 128
2024-07-22 14:47:33,406 - INFO - DATA_SPLIT_FRACS: [0.83334, 0.16667, 0.0]
2024-07-22 14:47:33,406 - INFO - EPOCHS: 30
2024-07-22 14:47:33,406 - INFO - EARLY_STOPPING: None
2024-07-22 14:47:33,407 - INFO - MIN_EPOCHS: None
2024-07-22 14:47:33,407 - INFO - PRINT_EPOCHS: None
2024-07-22 14:47:33,407 - INFO - FIX_SEED: None
2024-07-22 14:47:33,407 - INFO - NUM_WORKERS: 0
2024-07-22 14:47:33,407 - INFO - PIN_MEMORY: False
2024-07-22 14:47:33,407 - INFO - DYNAMICS: CondFlowMatch
2024-07-22 14:47:33,407 - INFO - SIGMA: 0.001
2024-07-22 14:47:33,407 - INFO - AUGMENTED: False
2024-07-22 14:47:33,407 - INFO - T0: 0.0
2024-07-22 14:47:33,407 - INFO - T1: 1.0
2024-07-22 14:47:33,407 - INFO - OPTIMIZER: Adam
2024-07-22 14:47:33,407 - INFO - LR: 0.0001
2024-07-22 14:47:33,407 - INFO - WEIGHT_DECAY: 0.0
2024-07-22 14:47:33,407 - INFO - OPTIMIZER_BETAS: [0.9, 0.999]
2024-07-22 14:47:33,407 - INFO - OPTIMIZER_EPS: 1e-08
2024-07-22 14:47:33,407 - INFO - OPTIMIZER_AMSGRAD: False
2024-07-22 14:47:33,407 - INFO - GRADIENT_CLIP: None
2024-07-22 14:47:33,407 - INFO - SCHEDULER: None
2024-07-22 14:47:33,407 - INFO - SCHEDULER_T_MAX: None
2024-07-22 14:47:33,407 - INFO - SCHEDULER_ETA_MIN: None
2024-07-22 14:47:33,407 - INFO - SCHEDULER_GAMMA: None
2024-07-22 14:47:33,407 - INFO - SCHEDULER_STEP_SIZE: None
2024-07-22 14:47:33,407 - INFO - SAMPLER: NeuralODE
2024-07-22 14:47:33,407 - INFO - SOLVER: euler
2024-07-22 14:47:33,407 - INFO - NUM_SAMPLING_STEPS: 100
2024-07-22 14:47:33,407 - INFO - SENSITIVITY: adjoint
2024-07-22 14:47:33,407 - INFO - ATOL: None
2024-07-22 14:47:33,407 - INFO - RTOL: None
2024-07-22 14:47:33,407 - INFO - NUM_GEN_SAMPLES: 10
2024-07-22 14:47:33,408 - INFO - number of training parameters: 8952067
2024-07-22 14:47:33,409 - INFO - start training...
